<?xml version="1.0" encoding="UTF-8"?>
<testng-results skipped="0" failed="0" total="2" passed="2">
  <reporter-output>
  </reporter-output>
  <suite name="Default suite" duration-ms="76286" started-at="2020-08-21T18:06:09Z" finished-at="2020-08-21T18:07:26Z">
    <groups>
    </groups>
    <test name="Default test" duration-ms="76286" started-at="2020-08-21T18:06:09Z" finished-at="2020-08-21T18:07:26Z">
      <class name="orangeHRMTest.LoginTestClass">
        <test-method status="PASS" signature="setup()[pri:0, instance:orangeHRMTest.LoginTestClass@1593948d]" name="setup" is-config="true" duration-ms="60244" started-at="2020-08-21T23:36:10Z" finished-at="2020-08-21T23:37:10Z">
          <reporter-output>
          </reporter-output>
        </test-method> <!-- setup -->
        <test-method status="PASS" signature="VerifyLoginPage()[pri:0, instance:orangeHRMTest.LoginTestClass@1593948d]" name="VerifyLoginPage" duration-ms="51" started-at="2020-08-21T23:37:10Z" finished-at="2020-08-21T23:37:10Z">
          <reporter-output>
          </reporter-output>
        </test-method> <!-- VerifyLoginPage -->
        <test-method status="PASS" signature="LoginTest()[pri:0, instance:orangeHRMTest.LoginTestClass@1593948d]" name="LoginTest" duration-ms="14243" started-at="2020-08-21T23:37:10Z" finished-at="2020-08-21T23:37:24Z">
          <reporter-output>
          </reporter-output>
        </test-method> <!-- LoginTest -->
        <test-method status="PASS" signature="teardown()[pri:0, instance:orangeHRMTest.LoginTestClass@1593948d]" name="teardown" is-config="true" duration-ms="1639" started-at="2020-08-21T23:37:24Z" finished-at="2020-08-21T23:37:26Z">
          <reporter-output>
          </reporter-output>
        </test-method> <!-- teardown -->
      </class> <!-- orangeHRMTest.LoginTestClass -->
    </test> <!-- Default test -->
  </suite> <!-- Default suite -->
</testng-results>
